[22:29:22] [Server thread/INFO]: Starting minecraft server version 1.12.2
[22:29:22] [Server thread/INFO]: Loading properties
[22:29:22] [Server thread/INFO]: Default game type: SURVIVAL
[22:29:22] [Server thread/INFO]: This server is running CraftBukkit version git-Spigot-d21162c-82f3b02 (MC: 1.12.2) (Implementing API version 1.12.2-R0.1-SNAPSHOT)
[22:29:22] [Server thread/INFO]: Debug logging is disabled
[22:29:22] [Server thread/INFO]: Server Ping Player Sample Count: 12
[22:29:22] [Server thread/INFO]: Using 4 threads for Netty based IO
[22:29:22] [Server thread/INFO]: Generating keypair
[22:29:22] [Server thread/INFO]: Starting Minecraft server on *:25565
[22:29:22] [Server thread/INFO]: Using default channel type
[22:29:23] [Server thread/INFO]: Set PluginClassLoader as parallel capable
[22:29:23] [Server thread/INFO]: [React] Loading React v5.6.1
[22:29:23] [Server thread/INFO]: Setting Tick to 8
[22:29:23] [Server thread/INFO]: **** Beginning UUID conversion, this may take A LONG time ****
[22:29:23] [Server thread/INFO]: Preparing level "world"
[22:29:23] [Server thread/INFO]: -------- World Settings For [world] --------
[22:29:23] [Server thread/INFO]: Allow Zombie Pigmen to spawn from portal blocks: true
[22:29:23] [Server thread/INFO]: Zombie Aggressive Towards Villager: true
[22:29:23] [Server thread/INFO]: Item Merge Radius: 2.5
[22:29:23] [Server thread/INFO]: Item Despawn Rate: 6000
[22:29:23] [Server thread/INFO]: View Distance: 10
[22:29:23] [Server thread/INFO]: Arrow Despawn Rate: 1200
[22:29:23] [Server thread/INFO]: Cactus Growth Modifier: 100%
[22:29:23] [Server thread/INFO]: Cane Growth Modifier: 100%
[22:29:23] [Server thread/INFO]: Melon Growth Modifier: 100%
[22:29:23] [Server thread/INFO]: Mushroom Growth Modifier: 100%
[22:29:23] [Server thread/INFO]: Pumpkin Growth Modifier: 100%
[22:29:23] [Server thread/INFO]: Sapling Growth Modifier: 100%
[22:29:23] [Server thread/INFO]: Wheat Growth Modifier: 100%
[22:29:23] [Server thread/INFO]: NetherWart Growth Modifier: 100%
[22:29:23] [Server thread/INFO]: Vine Growth Modifier: 100%
[22:29:23] [Server thread/INFO]: Cocoa Growth Modifier: 100%
[22:29:23] [Server thread/INFO]: Mob Spawn Range: 4
[22:29:23] [Server thread/INFO]: Random Lighting Updates: false
[22:29:23] [Server thread/INFO]: Max TNT Explosions: 100
[22:29:23] [Server thread/INFO]: Hopper Transfer: 8 Hopper Check: 1 Hopper Amount: 1
[22:29:23] [Server thread/INFO]: Structure Info Saving: true
[22:29:23] [Server thread/INFO]: Entity Activation Range: An 32 / Mo 32 / Mi 16
[22:29:23] [Server thread/INFO]: Custom Map Seeds:  Village: 10387312 Feature: 14357617 Monument: 10387313 Slime: 987234911
[22:29:23] [Server thread/INFO]: Entity Tracking Range: Pl 48 / An 48 / Mo 48 / Mi 32 / Other 64
[22:29:23] [Server thread/INFO]: Tile Max Tick Time: 50ms Entity max Tick Time: 50ms
[22:29:23] [Server thread/INFO]: Experience Merge Radius: 3.0
[22:29:23] [Server thread/INFO]: Nerfing mobs spawned from spawners: false
[22:29:23] [Server thread/INFO]: -------- World Settings For [world_nether] --------
[22:29:23] [Server thread/INFO]: Allow Zombie Pigmen to spawn from portal blocks: true
[22:29:23] [Server thread/INFO]: Zombie Aggressive Towards Villager: true
[22:29:23] [Server thread/INFO]: Item Merge Radius: 2.5
[22:29:23] [Server thread/INFO]: Item Despawn Rate: 6000
[22:29:23] [Server thread/INFO]: View Distance: 10
[22:29:23] [Server thread/INFO]: Arrow Despawn Rate: 1200
[22:29:23] [Server thread/INFO]: Cactus Growth Modifier: 100%
[22:29:23] [Server thread/INFO]: Cane Growth Modifier: 100%
[22:29:23] [Server thread/INFO]: Melon Growth Modifier: 100%
[22:29:23] [Server thread/INFO]: Mushroom Growth Modifier: 100%
[22:29:23] [Server thread/INFO]: Pumpkin Growth Modifier: 100%
[22:29:23] [Server thread/INFO]: Sapling Growth Modifier: 100%
[22:29:23] [Server thread/INFO]: Wheat Growth Modifier: 100%
[22:29:23] [Server thread/INFO]: NetherWart Growth Modifier: 100%
[22:29:23] [Server thread/INFO]: Vine Growth Modifier: 100%
[22:29:23] [Server thread/INFO]: Cocoa Growth Modifier: 100%
[22:29:23] [Server thread/INFO]: Mob Spawn Range: 4
[22:29:23] [Server thread/INFO]: Random Lighting Updates: false
[22:29:23] [Server thread/INFO]: Max TNT Explosions: 100
[22:29:23] [Server thread/INFO]: Hopper Transfer: 8 Hopper Check: 1 Hopper Amount: 1
[22:29:23] [Server thread/INFO]: Structure Info Saving: true
[22:29:23] [Server thread/INFO]: Entity Activation Range: An 32 / Mo 32 / Mi 16
[22:29:23] [Server thread/INFO]: Custom Map Seeds:  Village: 10387312 Feature: 14357617 Monument: 10387313 Slime: 987234911
[22:29:23] [Server thread/INFO]: Entity Tracking Range: Pl 48 / An 48 / Mo 48 / Mi 32 / Other 64
[22:29:23] [Server thread/INFO]: Tile Max Tick Time: 50ms Entity max Tick Time: 50ms
[22:29:23] [Server thread/INFO]: Experience Merge Radius: 3.0
[22:29:23] [Server thread/INFO]: Nerfing mobs spawned from spawners: false
[22:29:23] [Server thread/INFO]: -------- World Settings For [world_the_end] --------
[22:29:23] [Server thread/INFO]: Allow Zombie Pigmen to spawn from portal blocks: true
[22:29:23] [Server thread/INFO]: Zombie Aggressive Towards Villager: true
[22:29:23] [Server thread/INFO]: Item Merge Radius: 2.5
[22:29:23] [Server thread/INFO]: Item Despawn Rate: 6000
[22:29:23] [Server thread/INFO]: View Distance: 10
[22:29:23] [Server thread/INFO]: Arrow Despawn Rate: 1200
[22:29:23] [Server thread/INFO]: Cactus Growth Modifier: 100%
[22:29:23] [Server thread/INFO]: Cane Growth Modifier: 100%
[22:29:23] [Server thread/INFO]: Melon Growth Modifier: 100%
[22:29:23] [Server thread/INFO]: Mushroom Growth Modifier: 100%
[22:29:23] [Server thread/INFO]: Pumpkin Growth Modifier: 100%
[22:29:23] [Server thread/INFO]: Sapling Growth Modifier: 100%
[22:29:23] [Server thread/INFO]: Wheat Growth Modifier: 100%
[22:29:23] [Server thread/INFO]: NetherWart Growth Modifier: 100%
[22:29:23] [Server thread/INFO]: Vine Growth Modifier: 100%
[22:29:23] [Server thread/INFO]: Cocoa Growth Modifier: 100%
[22:29:23] [Server thread/INFO]: Mob Spawn Range: 4
[22:29:23] [Server thread/INFO]: Random Lighting Updates: false
[22:29:23] [Server thread/INFO]: Max TNT Explosions: 100
[22:29:23] [Server thread/INFO]: Hopper Transfer: 8 Hopper Check: 1 Hopper Amount: 1
[22:29:23] [Server thread/INFO]: Structure Info Saving: true
[22:29:23] [Server thread/INFO]: Entity Activation Range: An 32 / Mo 32 / Mi 16
[22:29:23] [Server thread/INFO]: Custom Map Seeds:  Village: 10387312 Feature: 14357617 Monument: 10387313 Slime: 987234911
[22:29:23] [Server thread/INFO]: Entity Tracking Range: Pl 48 / An 48 / Mo 48 / Mi 32 / Other 64
[22:29:23] [Server thread/INFO]: Tile Max Tick Time: 50ms Entity max Tick Time: 50ms
[22:29:23] [Server thread/INFO]: Experience Merge Radius: 3.0
[22:29:23] [Server thread/INFO]: Nerfing mobs spawned from spawners: false
[22:29:24] [Server thread/INFO]: Preparing start region for level 0 (Seed: -1857519671905207549)
[22:29:25] [Server thread/INFO]: Preparing spawn area: 47%
[22:29:25] [Server thread/INFO]: Preparing start region for level 1 (Seed: -1857519671905207549)
[22:29:26] [Server thread/INFO]: Preparing start region for level 2 (Seed: -1857519671905207549)
[22:29:26] [Server thread/INFO]: [React] Enabling React v5.6.1
[22:29:26] [Server thread/INFO]: Started Parallel CoreTick Thread: 0
[22:29:26] [Server thread/INFO]: [0;36;1m

[0;36;1m                 /|                    
[0;36;1m               //[0;30;1m..                    
[0;36;1m             //[0;30;1m....                    
[0;36;1m           //[0;30;1m......                    
[0;36;1m         //[0;30;1m........                    
[0;36;1m       //[0;30;1m..........                    
[0;36;1m     //[0;30;1m............            [0;36;1m|       
[0;36;1m     |[0;30;1m:::::........          ::[0;36;1m|       [0;30;1m ______  [0;30;1m _______ [0;36;1m        [0;30;1m  ______ [0;30;1m _______ 
[0;36;1m     |[0;30;1m::::::::::...       :::::[0;36;1m|       [0;30;1m(_____ \ [0;30;1m(_______)[0;36;1m   /\   [0;30;1m / _____)[0;30;1m(_______)
[0;36;1m     |[0;30;1m:::::::::::::  ::::::::::[0;36;1m|       [0;30;1m _____) )[0;30;1m _____   [0;36;1m  /  \  [0;30;1m| /      [0;30;1m _       
[0;36;1m     |[0;30;1m:::::::::::  ...:::::::::[0;36;1m|       [0;30;1m(_____ ( [0;30;1m|  ___)  [0;36;1m / /\ \ [0;30;1m| |      [0;30;1m| |      
[0;36;1m     |[0;30;1m::::::       ........::::[0;36;1m|       [0;30;1m      | |[0;30;1m| |_____ [0;36;1m| |__| |[0;30;1m| \_____ [0;30;1m| |_____ 
[0;36;1m     |[0;30;1m::           ............[0;36;1m|       [0;30;1m      |_|[0;30;1m|_______)[0;36;1m|______|[0;30;1m \______)[0;30;1m \______)
[0;36;1m     |             [0;30;1m..........[0;36;1m//        [0;30;1m         [0;30;1m         [0;36;1m        [0;30;1m         [0;30;1m         
[0;36;1m                   [0;30;1m........[0;36;1m//          
[0;36;1m                   [0;30;1m......[0;36;1m//            
[0;36;1m                   [0;30;1m....[0;36;1m//              
[0;36;1m                   [0;30;1m..[0;36;1m//                
[0;36;1m                   |/                  

[m
[22:29:26] [Server thread/INFO]: Server permissions file permissions.yml is empty, ignoring it
[22:29:26] [Server thread/INFO]: Done (3.555s)! For help, type "help" or "?"
[22:29:27] [Thread-5/INFO]: [React Server]: Loading Remote Users
